2023-03-28T02:39:45+00:00 CRITICAL Uncaught Google\Protobuf\Internal\GPBDecodeException: Error occurred during parsing: Unexpected wire type. in C:\xampp\htdocs\fullkrrtshop\wp-content\plugins\google-listings-and-ads\vendor\google\protobuf\src\Google\Protobuf\Internal\Message.php:355
Stack trace:
#0 C:\xampp\htdocs\fullkrrtshop\wp-content\plugins\google-listings-and-ads\vendor\google\protobuf\src\Google\Protobuf\Internal\Message.php(512): Google\Protobuf\Internal\Message->skipField(Object(Google\Protobuf\Internal\CodedInputStream), 103)
#1 C:\xampp\htdocs\fullkrrtshop\wp-content\plugins\google-listings-and-ads\vendor\google\protobuf\src\Google\Protobuf\Internal\Message.php(811): Google\Protobuf\Internal\Message->parseFieldFromStream(103, Object(Google\Protobuf\Internal\CodedInputStream), Object(Google\Protobuf\Internal\FieldDescriptor))
#2 C:\xampp\htdocs\fullkrrtshop\wp-content\plugins\google-listings-and-ads\vendor\google\protobuf\src\Google\Protobuf\Internal\GPBWire.php(289): Google\Protobuf\Internal\Message->parseFromStream(Object(Google\Protobuf\Internal\CodedInputStream))
#3 C:\xampp\htdocs\fullkrrtshop\wp-content\plugins\google-listings-and-ads\vendor\google\protobuf\src\Google\Protobuf\Internal\Message.php(435): Google\Protobuf\Internal\GPBWire::readMessage(Object(Google\Protobuf\Internal\CodedInputStream), Object(Google\Protobuf\Internal\FileDescriptorProto))
#4 C:\xampp\htdocs\fullkrrtshop\wp-content\plugins\google-listings-and-ads\vendor\google\protobuf\src\Google\Protobuf\Internal\Message.php(515): Google\Protobuf\Internal\Message::parseFieldFromStreamNoTag(Object(Google\Protobuf\Internal\CodedInputStream), Object(Google\Protobuf\Internal\FieldDescriptor), Object(Google\Protobuf\Internal\FileDescriptorProto))
#5 C:\xampp\htdocs\fullkrrtshop\wp-content\plugins\google-listings-and-ads\vendor\google\protobuf\src\Google\Protobuf\Internal\Message.php(811): Google\Protobuf\Internal\Message->parseFieldFromStream(10, Object(Google\Protobuf\Internal\CodedInputStream), Object(Google\Protobuf\Internal\FieldDescriptor))
#6 C:\xampp\htdocs\fullkrrtshop\wp-content\plugins\google-listings-and-ads\vendor\google\protobuf\src\Google\Protobuf\Internal\Message.php(775): Google\Protobuf\Internal\Message->parseFromStream(Object(Google\Protobuf\Internal\CodedInputStream))
#7 C:\xampp\htdocs\fullkrrtshop\wp-content\plugins\google-listings-and-ads\vendor\google\protobuf\src\Google\Protobuf\Internal\DescriptorPool.php(61): Google\Protobuf\Internal\Message->mergeFromString('\r\n\xEB\x01\r\n\x1Egoogle/p...')
#8 C:\xampp\htdocs\fullkrrtshop\wp-content\plugins\google-listings-and-ads\vendor\google\protobuf\src\GPBMetadata\Google\Protobuf\Duration.php(27): Google\Protobuf\Internal\DescriptorPool->internalAddGeneratedFile('\r\n\xEB\x01\r\n\x1Egoogle/p...', true)
#9 C:\xampp\htdocs\fullkrrtshop\wp-content\plugins\google-listings-and-ads\vendor\googleads\google-ads-php\metadata\Google\Ads\GoogleAds\V11\Errors\Errors.php(16): GPBMetadata\Google\Protobuf\Duration::initOnce()
#10 C:\xampp\htdocs\fullkrrtshop\wp-content\plugins\google-listings-and-ads\vendor\googleads\google-ads-php\src\Google\Ads\GoogleAds\V11\Errors\GoogleAdsFailure.php(45): GPBMetadata\Google\Ads\GoogleAds\V11\Errors\Errors::initOnce()
#11 C:\xampp\htdocs\fullkrrtshop\wp-content\plugins\google-listings-and-ads\vendor\googleads\google-ads-php\src\Google\Ads\GoogleAds\Util\V11\GoogleAdsFailures.php(92): Google\Ads\GoogleAds\V11\Errors\GoogleAdsFailure->__construct()
#12 C:\xampp\htdocs\fullkrrtshop\wp-content\plugins\google-listings-and-ads\src\Google\Ads\GoogleAdsClient.php(36): Google\Ads\GoogleAds\Util\V11\GoogleAdsFailures::init()
#13 C:\xampp\htdocs\fullkrrtshop\wp-content\plugins\google-listings-and-ads\src\Internal\DependencyManagement\GoogleServiceProvider.php(149): Automattic\WooCommerce\GoogleListingsAndAds\Google\Ads\GoogleAdsClient->__construct('api-vipgo.wooco...')
#14 [internal function]: Automattic\WooCommerce\GoogleListingsAndAds\Internal\DependencyManagement\GoogleServiceProvider->Automattic\WooCommerce\GoogleListingsAndAds\Internal\DependencyManagement\{closure}()
#15 C:\xampp\htdocs\fullkrrtshop\wp-content\plugins\google-listings-and-ads\vendor\league\container\src\Definition\Definition.php(239): call_user_func_array(Object(Closure), Array)
#16 C:\xampp\htdocs\fullkrrtshop\wp-content\plugins\google-listings-and-ads\vendor\league\container\src\Definition\Definition.php(198): Automattic\WooCommerce\GoogleListingsAndAds\Vendor\League\Container\Definition\Definition->resolveCallable(Object(Closure))
#17 C:\xampp\htdocs\fullkrrtshop\wp-content\plugins\google-listings-and-ads\vendor\league\container\src\Definition\DefinitionAggregate.php(94): Automattic\WooCommerce\GoogleListingsAndAds\Vendor\League\Container\Definition\Definition->resolve(false)
#18 C:\xampp\htdocs\fullkrrtshop\wp-content\plugins\google-listings-and-ads\vendor\league\container\src\Container.php(157): Automattic\WooCommerce\GoogleListingsAndAds\Vendor\League\Container\Definition\DefinitionAggregate->resolve('Automattic\\WooC...', false)
#19 C:\xampp\htdocs\fullkrrtshop\wp-content\plugins\google-listings-and-ads\vendor\league\container\src\Argument\ArgumentResolverTrait.php(45): Automattic\WooCommerce\GoogleListingsAndAds\Vendor\League\Container\Container->get('Automattic\\WooC...')
#20 [internal function]: Automattic\WooCommerce\GoogleListingsAndAds\Vendor\League\Container\Definition\Definition->Automattic\WooCommerce\GoogleListingsAndAds\Vendor\League\Container\Argument\{closure}('Automattic\\WooC...')
#21 C:\xampp\htdocs\fullkrrtshop\wp-content\plugins\google-listings-and-ads\vendor\league\container\src\Argument\ArgumentResolverTrait.php(19): array_map(Object(Closure), Array)
#22 C:\xampp\htdocs\fullkrrtshop\wp-content\plugins\google-listings-and-ads\vendor\league\container\src\Definition\Definition.php(253): Automattic\WooCommerce\GoogleListingsAndAds\Vendor\League\Container\Definition\Definition->resolveArguments(Array)
#23 C:\xampp\htdocs\fullkrrtshop\wp-content\plugins\google-listings-and-ads\vendor\league\container\src\Definition\Definition.php(212): Automattic\WooCommerce\GoogleListingsAndAds\Vendor\League\Container\Definition\Definition->resolveClass('Automattic\\WooC...')
#24 C:\xampp\htdocs\fullkrrtshop\wp-content\plugins\google-listings-and-ads\vendor\league\container\src\Definition\DefinitionAggregate.php(94): Automattic\WooCommerce\GoogleListingsAndAds\Vendor\League\Container\Definition\Definition->resolve(false)
#25 C:\xampp\htdocs\fullkrrtshop\wp-content\plugins\google-listings-and-ads\vendor\league\container\src\Container.php(157): Automattic\WooCommerce\GoogleListingsAndAds\Vendor\League\Container\Definition\DefinitionAggregate->resolve('Automattic\\WooC...', false)
#26 C:\xampp\htdocs\fullkrrtshop\wp-content\plugins\google-listings-and-ads\vendor\league\container\src\Argument\ArgumentResolverTrait.php(45): Automattic\WooCommerce\GoogleListingsAndAds\Vendor\League\Container\Container->get('Automattic\\WooC...')
#27 [internal function]: Automattic\WooCommerce\GoogleListingsAndAds\Vendor\League\Container\Definition\Definition->Automattic\WooCommerce\GoogleListingsAndAds\Vendor\League\Container\Argument\{closure}('Automattic\\WooC...')
#28 C:\xampp\htdocs\fullkrrtshop\wp-content\plugins\google-listings-and-ads\vendor\league\container\src\Argument\ArgumentResolverTrait.php(19): array_map(Object(Closure), Array)
#29 C:\xampp\htdocs\fullkrrtshop\wp-content\plugins\google-listings-and-ads\vendor\league\container\src\Definition\Definition.php(253): Automattic\WooCommerce\GoogleListingsAndAds\Vendor\League\Container\Definition\Definition->resolveArguments(Array)
#30 C:\xampp\htdocs\fullkrrtshop\wp-content\plugins\google-listings-and-ads\vendor\league\container\src\Definition\Definition.php(212): Automattic\WooCommerce\GoogleListingsAndAds\Vendor\League\Container\Definition\Definition->resolveClass('Automattic\\WooC...')
#31 C:\xampp\htdocs\fullkrrtshop\wp-content\plugins\google-listings-and-ads\vendor\league\container\src\Definition\DefinitionAggregate.php(106): Automattic\WooCommerce\GoogleListingsAndAds\Vendor\League\Container\Definition\Definition->resolve(false)
#32 C:\xampp\htdocs\fullkrrtshop\wp-content\plugins\google-listings-and-ads\vendor\league\container\src\Container.php(162): Automattic\WooCommerce\GoogleListingsAndAds\Vendor\League\Container\Definition\DefinitionAggregate->resolveTagged('rest_controller', false)
#33 C:\xampp\htdocs\fullkrrtshop\wp-content\plugins\google-listings-and-ads\vendor\league\container\src\Container.php(178): Automattic\WooCommerce\GoogleListingsAndAds\Vendor\League\Container\Container->get('rest_controller', false)
#34 C:\xampp\htdocs\fullkrrtshop\wp-content\plugins\google-listings-and-ads\src\Container.php(90): Automattic\WooCommerce\GoogleListingsAndAds\Vendor\League\Container\Container->get('rest_controller')
#35 C:\xampp\htdocs\fullkrrtshop\wp-content\plugins\google-listings-and-ads\src\API\Site\RESTControllers.php(54): Automattic\WooCommerce\GoogleListingsAndAds\Container->get('rest_controller')
#36 C:\xampp\htdocs\fullkrrtshop\wp-content\plugins\google-listings-and-ads\src\API\Site\RESTControllers.php(44): Automattic\WooCommerce\GoogleListingsAndAds\API\Site\RESTControllers->register_controllers()
#37 C:\xampp\htdocs\fullkrrtshop\wp-includes\class-wp-hook.php(308): Automattic\WooCommerce\GoogleListingsAndAds\API\Site\RESTControllers->Automattic\WooCommerce\GoogleListingsAndAds\API\Site\{closure}(Object(WP_REST_Server))
#38 C:\xampp\htdocs\fullkrrtshop\wp-includes\class-wp-hook.php(332): WP_Hook->apply_filters(NULL, Array)
#39 C:\xampp\htdocs\fullkrrtshop\wp-includes\plugin.php(517): WP_Hook->do_action(Array)
#40 C:\xampp\htdocs\fullkrrtshop\wp-includes\rest-api.php(577): do_action('rest_api_init', Object(WP_REST_Server))
#41 C:\xampp\htdocs\fullkrrtshop\wp-includes\rest-api.php(535): rest_get_server()
#42 C:\xampp\htdocs\fullkrrtshop\wp-includes\rest-api.php(2884): rest_do_request(Object(WP_REST_Request))
#43 [internal function]: rest_preload_api_request(Array, '/wc-analytics/r...')
#44 C:\xampp\htdocs\fullkrrtshop\wp-content\plugins\woocommerce\src\Internal\Admin\Settings.php(145): array_reduce(Array, 'rest_preload_ap...')
#45 C:\xampp\htdocs\fullkrrtshop\wp-includes\class-wp-hook.php(308): Automattic\WooCommerce\Internal\Admin\Settings->add_component_settings(Array)
#46 C:\xampp\htdocs\fullkrrtshop\wp-includes\plugin.php(205): WP_Hook->apply_filters(Array, Array)
#47 C:\xampp\htdocs\fullkrrtshop\wp-content\plugins\woocommerce\src\Internal\Admin\WCAdminSharedSettings.php(61): apply_filters('woocommerce_adm...', Array)
#48 C:\xampp\htdocs\fullkrrtshop\wp-content\plugins\woocommerce\packages\woocommerce-blocks\src\Assets\AssetDataRegistry.php(264): Automattic\WooCommerce\Internal\Admin\WCAdminSharedSettings->Automattic\WooCommerce\Internal\Admin\{closure}()
#49 C:\xampp\htdocs\fullkrrtshop\wp-content\plugins\woocommerce\packages\woocommerce-blocks\src\Assets\AssetDataRegistry.php(365): Automattic\WooCommerce\Blocks\Assets\AssetDataRegistry->execute_lazy_data()
#50 C:\xampp\htdocs\fullkrrtshop\wp-includes\class-wp-hook.php(308): Automattic\WooCommerce\Blocks\Assets\AssetDataRegistry->enqueue_asset_data('')
#51 C:\xampp\htdocs\fullkrrtshop\wp-includes\class-wp-hook.php(332): WP_Hook->apply_filters('', Array)
#52 C:\xampp\htdocs\fullkrrtshop\wp-includes\plugin.php(517): WP_Hook->do_action(Array)
#53 C:\xampp\htdocs\fullkrrtshop\wp-admin\admin-footer.php(95): do_action('admin_print_foo...')
#54 C:\xampp\htdocs\fullkrrtshop\wp-admin\edit.php(502): require_once('C:\\xampp\\htdocs...')
#55 {main}
  thrown in C:\xampp\htdocs\fullkrrtshop\wp-content\plugins\google-listings-and-ads\vendor\google\protobuf\src\Google\Protobuf\Internal\Message.php on line 355

2023-03-28T02:39:45+00:00 CRITICAL Uncaught Google\Protobuf\Internal\GPBDecodeException: Error occurred during parsing: Unexpected wire type. in C:\xampp\htdocs\fullkrrtshop\wp-content\plugins\google-listings-and-ads\vendor\google\protobuf\src\Google\Protobuf\Internal\Message.php:355
Stack trace:
#0 C:\xampp\htdocs\fullkrrtshop\wp-content\plugins\google-listings-and-ads\vendor\google\protobuf\src\Google\Protobuf\Internal\Message.php(512): Google\Protobuf\Internal\Message->skipField(Object(Google\Protobuf\Internal\CodedInputStream), 103)
#1 C:\xampp\htdocs\fullkrrtshop\wp-content\plugins\google-listings-and-ads\vendor\google\protobuf\src\Google\Protobuf\Internal\Message.php(811): Google\Protobuf\Internal\Message->parseFieldFromStream(103, Object(Google\Protobuf\Internal\CodedInputStream), Object(Google\Protobuf\Internal\FieldDescriptor))
#2 C:\xampp\htdocs\fullkrrtshop\wp-content\plugins\google-listings-and-ads\vendor\google\protobuf\src\Google\Protobuf\Internal\GPBWire.php(289): Google\Protobuf\Internal\Message->parseFromStream(Object(Google\Protobuf\Internal\CodedInputStream))
#3 C:\xampp\htdocs\fullkrrtshop\wp-content\plugins\google-listings-and-ads\vendor\google\protobuf\src\Google\Protobuf\Internal\Message.php(435): Google\Protobuf\Internal\GPBWire::readMessage(Object(Google\Protobuf\Internal\CodedInputStream), Object(Google\Protobuf\Internal\FileDescriptorProto))
#4 C:\xampp\htdocs\fullkrrtshop\wp-content\plugins\google-listings-and-ads\vendor\google\protobuf\src\Google\Protobuf\Internal\Message.php(515): Google\Protobuf\Internal\Message::parseFieldFromStreamNoTag(Object(Google\Protobuf\Internal\CodedInputStream), Object(Google\Protobuf\Internal\FieldDescriptor), Object(Google\Protobuf\Internal\FileDescriptorProto))
#5 C:\xampp\htdocs\fullkrrtshop\wp-content\plugins\google-listings-and-ads\vendor\google\protobuf\src\Google\Protobuf\Internal\Message.php(811): Google\Protobuf\Internal\Message->parseFieldFromStream(10, Object(Google\Protobuf\Internal\CodedInputStream), Object(Google\Protobuf\Internal\FieldDescriptor))
#6 C:\xampp\htdocs\fullkrrtshop\wp-content\plugins\google-listings-and-ads\vendor\google\protobuf\src\Google\Protobuf\Internal\Message.php(775): Google\Protobuf\Internal\Message->parseFromStream(Object(Google\Protobuf\Internal\CodedInputStream))
#7 C:\xampp\htdocs\fullkrrtshop\wp-content\plugins\google-listings-and-ads\vendor\google\protobuf\src\Google\Protobuf\Internal\DescriptorPool.php(61): Google\Protobuf\Internal\Message->mergeFromString('\r\n\xEB\x01\r\n\x1Egoogle/p...')
#8 C:\xampp\htdocs\fullkrrtshop\wp-content\plugins\google-listings-and-ads\vendor\google\protobuf\src\GPBMetadata\Google\Protobuf\Duration.php(27): Google\Protobuf\Internal\DescriptorPool->internalAddGeneratedFile('\r\n\xEB\x01\r\n\x1Egoogle/p...', true)
#9 C:\xampp\htdocs\fullkrrtshop\wp-content\plugins\google-listings-and-ads\vendor\googleads\google-ads-php\metadata\Google\Ads\GoogleAds\V11\Errors\Errors.php(16): GPBMetadata\Google\Protobuf\Duration::initOnce()
#10 C:\xampp\htdocs\fullkrrtshop\wp-content\plugins\google-listings-and-ads\vendor\googleads\google-ads-php\src\Google\Ads\GoogleAds\V11\Errors\GoogleAdsFailure.php(45): GPBMetadata\Google\Ads\GoogleAds\V11\Errors\Errors::initOnce()
#11 C:\xampp\htdocs\fullkrrtshop\wp-content\plugins\google-listings-and-ads\vendor\googleads\google-ads-php\src\Google\Ads\GoogleAds\Util\V11\GoogleAdsFailures.php(92): Google\Ads\GoogleAds\V11\Errors\GoogleAdsFailure->__construct()
#12 C:\xampp\htdocs\fullkrrtshop\wp-content\plugins\google-listings-and-ads\src\Google\Ads\GoogleAdsClient.php(36): Google\Ads\GoogleAds\Util\V11\GoogleAdsFailures::init()
#13 C:\xampp\htdocs\fullkrrtshop\wp-content\plugins\google-listings-and-ads\src\Internal\DependencyManagement\GoogleServiceProvider.php(149): Automattic\WooCommerce\GoogleListingsAndAds\Google\Ads\GoogleAdsClient->__construct('api-vipgo.wooco...')
#14 [internal function]: Automattic\WooCommerce\GoogleListingsAndAds\Internal\DependencyManagement\GoogleServiceProvider->Automattic\WooCommerce\GoogleListingsAndAds\Internal\DependencyManagement\{closure}()
#15 C:\xampp\htdocs\fullkrrtshop\wp-content\plugins\google-listings-and-ads\vendor\league\container\src\Definition\Definition.php(239): call_user_func_array(Object(Closure), Array)
#16 C:\xampp\htdocs\fullkrrtshop\wp-content\plugins\google-listings-and-ads\vendor\league\container\src\Definition\Definition.php(198): Automattic\WooCommerce\GoogleListingsAndAds\Vendor\League\Container\Definition\Definition->resolveCallable(Object(Closure))
#17 C:\xampp\htdocs\fullkrrtshop\wp-content\plugins\google-listings-and-ads\vendor\league\container\src\Definition\DefinitionAggregate.php(94): Automattic\WooCommerce\GoogleListingsAndAds\Vendor\League\Container\Definition\Definition->resolve(false)
#18 C:\xampp\htdocs\fullkrrtshop\wp-content\plugins\google-listings-and-ads\vendor\league\container\src\Container.php(157): Automattic\WooCommerce\GoogleListingsAndAds\Vendor\League\Container\Definition\DefinitionAggregate->resolve('Automattic\\WooC...', false)
#19 C:\xampp\htdocs\fullkrrtshop\wp-content\plugins\google-listings-and-ads\vendor\league\container\src\Argument\ArgumentResolverTrait.php(45): Automattic\WooCommerce\GoogleListingsAndAds\Vendor\League\Container\Container->get('Automattic\\WooC...')
#20 [internal function]: Automattic\WooCommerce\GoogleListingsAndAds\Vendor\League\Container\Definition\Definition->Automattic\WooCommerce\GoogleListingsAndAds\Vendor\League\Container\Argument\{closure}('Automattic\\WooC...')
#21 C:\xampp\htdocs\fullkrrtshop\wp-content\plugins\google-listings-and-ads\vendor\league\container\src\Argument\ArgumentResolverTrait.php(19): array_map(Object(Closure), Array)
#22 C:\xampp\htdocs\fullkrrtshop\wp-content\plugins\google-listings-and-ads\vendor\league\container\src\Definition\Definition.php(253): Automattic\WooCommerce\GoogleListingsAndAds\Vendor\League\Container\Definition\Definition->resolveArguments(Array)
#23 C:\xampp\htdocs\fullkrrtshop\wp-content\plugins\google-listings-and-ads\vendor\league\container\src\Definition\Definition.php(212): Automattic\WooCommerce\GoogleListingsAndAds\Vendor\League\Container\Definition\Definition->resolveClass('Automattic\\WooC...')
#24 C:\xampp\htdocs\fullkrrtshop\wp-content\plugins\google-listings-and-ads\vendor\league\container\src\Definition\DefinitionAggregate.php(94): Automattic\WooCommerce\GoogleListingsAndAds\Vendor\League\Container\Definition\Definition->resolve(false)
#25 C:\xampp\htdocs\fullkrrtshop\wp-content\plugins\google-listings-and-ads\vendor\league\container\src\Container.php(157): Automattic\WooCommerce\GoogleListingsAndAds\Vendor\League\Container\Definition\DefinitionAggregate->resolve('Automattic\\WooC...', false)
#26 C:\xampp\htdocs\fullkrrtshop\wp-content\plugins\google-listings-and-ads\vendor\league\container\src\Argument\ArgumentResolverTrait.php(45): Automattic\WooCommerce\GoogleListingsAndAds\Vendor\League\Container\Container->get('Automattic\\WooC...')
#27 [internal function]: Automattic\WooCommerce\GoogleListingsAndAds\Vendor\League\Container\Definition\Definition->Automattic\WooCommerce\GoogleListingsAndAds\Vendor\League\Container\Argument\{closure}('Automattic\\WooC...')
#28 C:\xampp\htdocs\fullkrrtshop\wp-content\plugins\google-listings-and-ads\vendor\league\container\src\Argument\ArgumentResolverTrait.php(19): array_map(Object(Closure), Array)
#29 C:\xampp\htdocs\fullkrrtshop\wp-content\plugins\google-listings-and-ads\vendor\league\container\src\Definition\Definition.php(253): Automattic\WooCommerce\GoogleListingsAndAds\Vendor\League\Container\Definition\Definition->resolveArguments(Array)
#30 C:\xampp\htdocs\fullkrrtshop\wp-content\plugins\google-listings-and-ads\vendor\league\container\src\Definition\Definition.php(212): Automattic\WooCommerce\GoogleListingsAndAds\Vendor\League\Container\Definition\Definition->resolveClass('Automattic\\WooC...')
#31 C:\xampp\htdocs\fullkrrtshop\wp-content\plugins\google-listings-and-ads\vendor\league\container\src\Definition\DefinitionAggregate.php(106): Automattic\WooCommerce\GoogleListingsAndAds\Vendor\League\Container\Definition\Definition->resolve(false)
#32 C:\xampp\htdocs\fullkrrtshop\wp-content\plugins\google-listings-and-ads\vendor\league\container\src\Container.php(162): Automattic\WooCommerce\GoogleListingsAndAds\Vendor\League\Container\Definition\DefinitionAggregate->resolveTagged('rest_controller', false)
#33 C:\xampp\htdocs\fullkrrtshop\wp-content\plugins\google-listings-and-ads\vendor\league\container\src\Container.php(178): Automattic\WooCommerce\GoogleListingsAndAds\Vendor\League\Container\Container->get('rest_controller', false)
#34 C:\xampp\htdocs\fullkrrtshop\wp-content\plugins\google-listings-and-ads\src\Container.php(90): Automattic\WooCommerce\GoogleListingsAndAds\Vendor\League\Container\Container->get('rest_controller')
#35 C:\xampp\htdocs\fullkrrtshop\wp-content\plugins\google-listings-and-ads\src\API\Site\RESTControllers.php(54): Automattic\WooCommerce\GoogleListingsAndAds\Container->get('rest_controller')
#36 C:\xampp\htdocs\fullkrrtshop\wp-content\plugins\google-listings-and-ads\src\API\Site\RESTControllers.php(44): Automattic\WooCommerce\GoogleListingsAndAds\API\Site\RESTControllers->register_controllers()
#37 C:\xampp\htdocs\fullkrrtshop\wp-includes\class-wp-hook.php(308): Automattic\WooCommerce\GoogleListingsAndAds\API\Site\RESTControllers->Automattic\WooCommerce\GoogleListingsAndAds\API\Site\{closure}(Object(WP_REST_Server))
#38 C:\xampp\htdocs\fullkrrtshop\wp-includes\class-wp-hook.php(332): WP_Hook->apply_filters(NULL, Array)
#39 C:\xampp\htdocs\fullkrrtshop\wp-includes\plugin.php(517): WP_Hook->do_action(Array)
#40 C:\xampp\htdocs\fullkrrtshop\wp-includes\rest-api.php(577): do_action('rest_api_init', Object(WP_REST_Server))
#41 C:\xampp\htdocs\fullkrrtshop\wp-includes\rest-api.php(535): rest_get_server()
#42 C:\xampp\htdocs\fullkrrtshop\wp-includes\rest-api.php(2884): rest_do_request(Object(WP_REST_Request))
#43 [internal function]: rest_preload_api_request(Array, '/wc-analytics/r...')
#44 C:\xampp\htdocs\fullkrrtshop\wp-content\plugins\woocommerce\src\Internal\Admin\Settings.php(145): array_reduce(Array, 'rest_preload_ap...')
#45 C:\xampp\htdocs\fullkrrtshop\wp-includes\class-wp-hook.php(308): Automattic\WooCommerce\Internal\Admin\Settings->add_component_settings(Array)
#46 C:\xampp\htdocs\fullkrrtshop\wp-includes\plugin.php(205): WP_Hook->apply_filters(Array, Array)
#47 C:\xampp\htdocs\fullkrrtshop\wp-content\plugins\woocommerce\src\Internal\Admin\WCAdminSharedSettings.php(61): apply_filters('woocommerce_adm...', Array)
#48 C:\xampp\htdocs\fullkrrtshop\wp-content\plugins\woocommerce\packages\woocommerce-blocks\src\Assets\AssetDataRegistry.php(264): Automattic\WooCommerce\Internal\Admin\WCAdminSharedSettings->Automattic\WooCommerce\Internal\Admin\{closure}()
#49 C:\xampp\htdocs\fullkrrtshop\wp-content\plugins\woocommerce\packages\woocommerce-blocks\src\Assets\AssetDataRegistry.php(365): Automattic\WooCommerce\Blocks\Assets\AssetDataRegistry->execute_lazy_data()
#50 C:\xampp\htdocs\fullkrrtshop\wp-includes\class-wp-hook.php(308): Automattic\WooCommerce\Blocks\Assets\AssetDataRegistry->enqueue_asset_data('')
#51 C:\xampp\htdocs\fullkrrtshop\wp-includes\class-wp-hook.php(332): WP_Hook->apply_filters('', Array)
#52 C:\xampp\htdocs\fullkrrtshop\wp-includes\plugin.php(517): WP_Hook->do_action(Array)
#53 C:\xampp\htdocs\fullkrrtshop\wp-admin\admin-footer.php(95): do_action('admin_print_foo...')
#54 C:\xampp\htdocs\fullkrrtshop\wp-admin\admin.php(297): require_once('C:\\xampp\\htdocs...')
#55 {main}
  thrown in C:\xampp\htdocs\fullkrrtshop\wp-content\plugins\google-listings-and-ads\vendor\google\protobuf\src\Google\Protobuf\Internal\Message.php on line 355

2023-03-28T02:39:46+00:00 CRITICAL Uncaught Google\Protobuf\Internal\GPBDecodeException: Error occurred during parsing: Unexpected wire type. in C:\xampp\htdocs\fullkrrtshop\wp-content\plugins\google-listings-and-ads\vendor\google\protobuf\src\Google\Protobuf\Internal\Message.php:355
Stack trace:
#0 C:\xampp\htdocs\fullkrrtshop\wp-content\plugins\google-listings-and-ads\vendor\google\protobuf\src\Google\Protobuf\Internal\Message.php(512): Google\Protobuf\Internal\Message->skipField(Object(Google\Protobuf\Internal\CodedInputStream), 103)
#1 C:\xampp\htdocs\fullkrrtshop\wp-content\plugins\google-listings-and-ads\vendor\google\protobuf\src\Google\Protobuf\Internal\Message.php(811): Google\Protobuf\Internal\Message->parseFieldFromStream(103, Object(Google\Protobuf\Internal\CodedInputStream), Object(Google\Protobuf\Internal\FieldDescriptor))
#2 C:\xampp\htdocs\fullkrrtshop\wp-content\plugins\google-listings-and-ads\vendor\google\protobuf\src\Google\Protobuf\Internal\GPBWire.php(289): Google\Protobuf\Internal\Message->parseFromStream(Object(Google\Protobuf\Internal\CodedInputStream))
#3 C:\xampp\htdocs\fullkrrtshop\wp-content\plugins\google-listings-and-ads\vendor\google\protobuf\src\Google\Protobuf\Internal\Message.php(435): Google\Protobuf\Internal\GPBWire::readMessage(Object(Google\Protobuf\Internal\CodedInputStream), Object(Google\Protobuf\Internal\FileDescriptorProto))
#4 C:\xampp\htdocs\fullkrrtshop\wp-content\plugins\google-listings-and-ads\vendor\google\protobuf\src\Google\Protobuf\Internal\Message.php(515): Google\Protobuf\Internal\Message::parseFieldFromStreamNoTag(Object(Google\Protobuf\Internal\CodedInputStream), Object(Google\Protobuf\Internal\FieldDescriptor), Object(Google\Protobuf\Internal\FileDescriptorProto))
#5 C:\xampp\htdocs\fullkrrtshop\wp-content\plugins\google-listings-and-ads\vendor\google\protobuf\src\Google\Protobuf\Internal\Message.php(811): Google\Protobuf\Internal\Message->parseFieldFromStream(10, Object(Google\Protobuf\Internal\CodedInputStream), Object(Google\Protobuf\Internal\FieldDescriptor))
#6 C:\xampp\htdocs\fullkrrtshop\wp-content\plugins\google-listings-and-ads\vendor\google\protobuf\src\Google\Protobuf\Internal\Message.php(775): Google\Protobuf\Internal\Message->parseFromStream(Object(Google\Protobuf\Internal\CodedInputStream))
#7 C:\xampp\htdocs\fullkrrtshop\wp-content\plugins\google-listings-and-ads\vendor\google\protobuf\src\Google\Protobuf\Internal\DescriptorPool.php(61): Google\Protobuf\Internal\Message->mergeFromString('\r\n\xEB\x01\r\n\x1Egoogle/p...')
#8 C:\xampp\htdocs\fullkrrtshop\wp-content\plugins\google-listings-and-ads\vendor\google\protobuf\src\GPBMetadata\Google\Protobuf\Duration.php(27): Google\Protobuf\Internal\DescriptorPool->internalAddGeneratedFile('\r\n\xEB\x01\r\n\x1Egoogle/p...', true)
#9 C:\xampp\htdocs\fullkrrtshop\wp-content\plugins\google-listings-and-ads\vendor\googleads\google-ads-php\metadata\Google\Ads\GoogleAds\V11\Errors\Errors.php(16): GPBMetadata\Google\Protobuf\Duration::initOnce()
#10 C:\xampp\htdocs\fullkrrtshop\wp-content\plugins\google-listings-and-ads\vendor\googleads\google-ads-php\src\Google\Ads\GoogleAds\V11\Errors\GoogleAdsFailure.php(45): GPBMetadata\Google\Ads\GoogleAds\V11\Errors\Errors::initOnce()
#11 C:\xampp\htdocs\fullkrrtshop\wp-content\plugins\google-listings-and-ads\vendor\googleads\google-ads-php\src\Google\Ads\GoogleAds\Util\V11\GoogleAdsFailures.php(92): Google\Ads\GoogleAds\V11\Errors\GoogleAdsFailure->__construct()
#12 C:\xampp\htdocs\fullkrrtshop\wp-content\plugins\google-listings-and-ads\src\Google\Ads\GoogleAdsClient.php(36): Google\Ads\GoogleAds\Util\V11\GoogleAdsFailures::init()
#13 C:\xampp\htdocs\fullkrrtshop\wp-content\plugins\google-listings-and-ads\src\Internal\DependencyManagement\GoogleServiceProvider.php(149): Automattic\WooCommerce\GoogleListingsAndAds\Google\Ads\GoogleAdsClient->__construct('api-vipgo.wooco...')
#14 [internal function]: Automattic\WooCommerce\GoogleListingsAndAds\Internal\DependencyManagement\GoogleServiceProvider->Automattic\WooCommerce\GoogleListingsAndAds\Internal\DependencyManagement\{closure}()
#15 C:\xampp\htdocs\fullkrrtshop\wp-content\plugins\google-listings-and-ads\vendor\league\container\src\Definition\Definition.php(239): call_user_func_array(Object(Closure), Array)
#16 C:\xampp\htdocs\fullkrrtshop\wp-content\plugins\google-listings-and-ads\vendor\league\container\src\Definition\Definition.php(198): Automattic\WooCommerce\GoogleListingsAndAds\Vendor\League\Container\Definition\Definition->resolveCallable(Object(Closure))
#17 C:\xampp\htdocs\fullkrrtshop\wp-content\plugins\google-listings-and-ads\vendor\league\container\src\Definition\DefinitionAggregate.php(94): Automattic\WooCommerce\GoogleListingsAndAds\Vendor\League\Container\Definition\Definition->resolve(false)
#18 C:\xampp\htdocs\fullkrrtshop\wp-content\plugins\google-listings-and-ads\vendor\league\container\src\Container.php(157): Automattic\WooCommerce\GoogleListingsAndAds\Vendor\League\Container\Definition\DefinitionAggregate->resolve('Automattic\\WooC...', false)
#19 C:\xampp\htdocs\fullkrrtshop\wp-content\plugins\google-listings-and-ads\vendor\league\container\src\Argument\ArgumentResolverTrait.php(45): Automattic\WooCommerce\GoogleListingsAndAds\Vendor\League\Container\Container->get('Automattic\\WooC...')
#20 [internal function]: Automattic\WooCommerce\GoogleListingsAndAds\Vendor\League\Container\Definition\Definition->Automattic\WooCommerce\GoogleListingsAndAds\Vendor\League\Container\Argument\{closure}('Automattic\\WooC...')
#21 C:\xampp\htdocs\fullkrrtshop\wp-content\plugins\google-listings-and-ads\vendor\league\container\src\Argument\ArgumentResolverTrait.php(19): array_map(Object(Closure), Array)
#22 C:\xampp\htdocs\fullkrrtshop\wp-content\plugins\google-listings-and-ads\vendor\league\container\src\Definition\Definition.php(253): Automattic\WooCommerce\GoogleListingsAndAds\Vendor\League\Container\Definition\Definition->resolveArguments(Array)
#23 C:\xampp\htdocs\fullkrrtshop\wp-content\plugins\google-listings-and-ads\vendor\league\container\src\Definition\Definition.php(212): Automattic\WooCommerce\GoogleListingsAndAds\Vendor\League\Container\Definition\Definition->resolveClass('Automattic\\WooC...')
#24 C:\xampp\htdocs\fullkrrtshop\wp-content\plugins\google-listings-and-ads\vendor\league\container\src\Definition\DefinitionAggregate.php(94): Automattic\WooCommerce\GoogleListingsAndAds\Vendor\League\Container\Definition\Definition->resolve(false)
#25 C:\xampp\htdocs\fullkrrtshop\wp-content\plugins\google-listings-and-ads\vendor\league\container\src\Container.php(157): Automattic\WooCommerce\GoogleListingsAndAds\Vendor\League\Container\Definition\DefinitionAggregate->resolve('Automattic\\WooC...', false)
#26 C:\xampp\htdocs\fullkrrtshop\wp-content\plugins\google-listings-and-ads\vendor\league\container\src\Argument\ArgumentResolverTrait.php(45): Automattic\WooCommerce\GoogleListingsAndAds\Vendor\League\Container\Container->get('Automattic\\WooC...')
#27 [internal function]: Automattic\WooCommerce\GoogleListingsAndAds\Vendor\League\Container\Definition\Definition->Automattic\WooCommerce\GoogleListingsAndAds\Vendor\League\Container\Argument\{closure}('Automattic\\WooC...')
#28 C:\xampp\htdocs\fullkrrtshop\wp-content\plugins\google-listings-and-ads\vendor\league\container\src\Argument\ArgumentResolverTrait.php(19): array_map(Object(Closure), Array)
#29 C:\xampp\htdocs\fullkrrtshop\wp-content\plugins\google-listings-and-ads\vendor\league\container\src\Definition\Definition.php(253): Automattic\WooCommerce\GoogleListingsAndAds\Vendor\League\Container\Definition\Definition->resolveArguments(Array)
#30 C:\xampp\htdocs\fullkrrtshop\wp-content\plugins\google-listings-and-ads\vendor\league\container\src\Definition\Definition.php(212): Automattic\WooCommerce\GoogleListingsAndAds\Vendor\League\Container\Definition\Definition->resolveClass('Automattic\\WooC...')
#31 C:\xampp\htdocs\fullkrrtshop\wp-content\plugins\google-listings-and-ads\vendor\league\container\src\Definition\DefinitionAggregate.php(106): Automattic\WooCommerce\GoogleListingsAndAds\Vendor\League\Container\Definition\Definition->resolve(false)
#32 C:\xampp\htdocs\fullkrrtshop\wp-content\plugins\google-listings-and-ads\vendor\league\container\src\Container.php(162): Automattic\WooCommerce\GoogleListingsAndAds\Vendor\League\Container\Definition\DefinitionAggregate->resolveTagged('rest_controller', false)
#33 C:\xampp\htdocs\fullkrrtshop\wp-content\plugins\google-listings-and-ads\vendor\league\container\src\Container.php(178): Automattic\WooCommerce\GoogleListingsAndAds\Vendor\League\Container\Container->get('rest_controller', false)
#34 C:\xampp\htdocs\fullkrrtshop\wp-content\plugins\google-listings-and-ads\src\Container.php(90): Automattic\WooCommerce\GoogleListingsAndAds\Vendor\League\Container\Container->get('rest_controller')
#35 C:\xampp\htdocs\fullkrrtshop\wp-content\plugins\google-listings-and-ads\src\API\Site\RESTControllers.php(54): Automattic\WooCommerce\GoogleListingsAndAds\Container->get('rest_controller')
#36 C:\xampp\htdocs\fullkrrtshop\wp-content\plugins\google-listings-and-ads\src\API\Site\RESTControllers.php(44): Automattic\WooCommerce\GoogleListingsAndAds\API\Site\RESTControllers->register_controllers()
#37 C:\xampp\htdocs\fullkrrtshop\wp-includes\class-wp-hook.php(308): Automattic\WooCommerce\GoogleListingsAndAds\API\Site\RESTControllers->Automattic\WooCommerce\GoogleListingsAndAds\API\Site\{closure}(Object(WP_REST_Server))
#38 C:\xampp\htdocs\fullkrrtshop\wp-includes\class-wp-hook.php(332): WP_Hook->apply_filters(NULL, Array)
#39 C:\xampp\htdocs\fullkrrtshop\wp-includes\plugin.php(517): WP_Hook->do_action(Array)
#40 C:\xampp\htdocs\fullkrrtshop\wp-includes\rest-api.php(577): do_action('rest_api_init', Object(WP_REST_Server))
#41 C:\xampp\htdocs\fullkrrtshop\wp-includes\rest-api.php(535): rest_get_server()
#42 C:\xampp\htdocs\fullkrrtshop\wp-includes\rest-api.php(2884): rest_do_request(Object(WP_REST_Request))
#43 [internal function]: rest_preload_api_request(Array, '/wc-analytics/r...')
#44 C:\xampp\htdocs\fullkrrtshop\wp-content\plugins\woocommerce\src\Internal\Admin\Settings.php(145): array_reduce(Array, 'rest_preload_ap...')
#45 C:\xampp\htdocs\fullkrrtshop\wp-includes\class-wp-hook.php(308): Automattic\WooCommerce\Internal\Admin\Settings->add_component_settings(Array)
#46 C:\xampp\htdocs\fullkrrtshop\wp-includes\plugin.php(205): WP_Hook->apply_filters(Array, Array)
#47 C:\xampp\htdocs\fullkrrtshop\wp-content\plugins\woocommerce\src\Internal\Admin\WCAdminSharedSettings.php(61): apply_filters('woocommerce_adm...', Array)
#48 C:\xampp\htdocs\fullkrrtshop\wp-content\plugins\woocommerce\packages\woocommerce-blocks\src\Assets\AssetDataRegistry.php(264): Automattic\WooCommerce\Internal\Admin\WCAdminSharedSettings->Automattic\WooCommerce\Internal\Admin\{closure}()
#49 C:\xampp\htdocs\fullkrrtshop\wp-content\plugins\woocommerce\packages\woocommerce-blocks\src\Assets\AssetDataRegistry.php(365): Automattic\WooCommerce\Blocks\Assets\AssetDataRegistry->execute_lazy_data()
#50 C:\xampp\htdocs\fullkrrtshop\wp-includes\class-wp-hook.php(308): Automattic\WooCommerce\Blocks\Assets\AssetDataRegistry->enqueue_asset_data('')
#51 C:\xampp\htdocs\fullkrrtshop\wp-includes\class-wp-hook.php(332): WP_Hook->apply_filters('', Array)
#52 C:\xampp\htdocs\fullkrrtshop\wp-includes\plugin.php(517): WP_Hook->do_action(Array)
#53 C:\xampp\htdocs\fullkrrtshop\wp-admin\admin-footer.php(95): do_action('admin_print_foo...')
#54 C:\xampp\htdocs\fullkrrtshop\wp-admin\edit.php(502): require_once('C:\\xampp\\htdocs...')
#55 {main}
  thrown in C:\xampp\htdocs\fullkrrtshop\wp-content\plugins\google-listings-and-ads\vendor\google\protobuf\src\Google\Protobuf\Internal\Message.php on line 355

